insert into PABYBH_TRADER values('13500000', '华福证券','1','20151015','','','')
DB20000I  The SQL command completed successfully.

insert into PABYBH_TRADER values('13489999','太平洋信用','1','20150820','','','')
DB20000I  The SQL command completed successfully.

insert into PABYBH_TRADER values('10140000','大同证券','1','20151015','','','')
DB20000I  The SQL command completed successfully.

insert into PABYBH_TRADER values('13509999','华福信用','1','20151015','','','')
DB20000I  The SQL command completed successfully.

insert into PABYBH_TRADER values('10700000','华金证券','1','20160114','','','')
DB20000I  The SQL command completed successfully.

insert into PABYBH_TRADER values('10080000','东海证券','1','20160114','','','')
DB20000I  The SQL command completed successfully.

insert into PABYBH_TRADER values('10089999','东海信用','1','20160114','','','')
DB20000I  The SQL command completed successfully.

insert into PABYBH_TRADER values('10940000','兴业证券','1','20160114','','','')
DB20000I  The SQL command completed successfully.

insert into PABYBH_TRADER values('13450000','江海证券','1','20160612','','','')
DB20000I  The SQL command completed successfully.

insert into PABYBH_TRADER values('13459999','江海信用','1','20160612','','','')
DB20000I  The SQL command completed successfully.

insert into PABYBH_TRADER values('10169999','东方信用','0','20150918','','','')
DB20000I  The SQL command completed successfully.

insert into PABYBH_TRADER values('13400000','德邦','1','20151210','','','')
DB20000I  The SQL command completed successfully.

insert into PABYBH_TRADER values('13360000','九州证券','1','20151219','','','')
DB20000I  The SQL command completed successfully.

insert into PABYBH_TRADER values('13160000','东吴证券','1','20151217','','','')
DB20000I  The SQL command completed successfully.

insert into PABYBH_TRADER values('13219999','爱建信用','0','20150716','','','')
DB20000I  The SQL command completed successfully.

insert into PABYBH_TRADER values('13210000','爱建证券','1','20150716','','','')
DB20000I  The SQL command completed successfully.

insert into PABYBH_TRADER values('13669999','安信信用','1','20131107','','','')
DB20000I  The SQL command completed successfully.

insert into PABYBH_TRADER values('13660000','安信证券','1','20080421','','','')
DB20000I  The SQL command completed successfully.

insert into PABYBH_TRADER values('10040000','渤海证券','1','20090410','','','')
DB20000I  The SQL command completed successfully.

insert into PABYBH_TRADER values('13410000','财通证券','1','20111208','','','')
DB20000I  The SQL command completed successfully.

insert into PABYBH_TRADER values('10900000','长城国瑞证券','1','20150723','','','')
DB20000I  The SQL command completed successfully.

insert into PABYBH_TRADER values('10050000','长城证券','1','20071012','','','')
DB20000I  The SQL command completed successfully.

insert into PABYBH_TRADER values('10060000','长江证券','1','20081120','','','')
DB20000I  The SQL command completed successfully.

insert into PABYBH_TRADER values('10750000','诚浩证券','1','20150709','','','')
DB20000I  The SQL command completed successfully.

insert into PABYBH_TRADER values('11100000','大通证券','0','20071219','','','')
DB20000I  The SQL command completed successfully.

insert into PABYBH_TRADER values('10180000','第一创业','1','20071025','','','')
DB20000I  The SQL command completed successfully.

insert into PABYBH_TRADER values('10150000','东北证券','1','20120614','','','')
DB20000I  The SQL command completed successfully.

insert into PABYBH_TRADER values('10160000','东方证券','1','20081120','','','')
DB20000I  The SQL command completed successfully.

insert into PABYBH_TRADER values('10170000','东莞证券','1','20100304','','','')
DB20000I  The SQL command completed successfully.

insert into PABYBH_TRADER values('13730000','东兴证券','1','20120828','','','')
DB20000I  The SQL command completed successfully.

insert into PABYBH_TRADER values('10970000','方正证券','1','20110505','','','')
DB20000I  The SQL command completed successfully.

insert into PABYBH_TRADER values('13540000','高华证券','0','20120621','','','')
DB20000I  The SQL command completed successfully.

insert into PABYBH_TRADER values('10209999','光大信用','0','20111103','','','')
DB20000I  The SQL command completed successfully.

insert into PABYBH_TRADER values('10200000','光大证券','1','20070724','','','')
DB20000I  The SQL command completed successfully.

insert into PABYBH_TRADER values('10239999','广发信用','1','20150416','','','')
DB20000I  The SQL command completed successfully.

insert into PABYBH_TRADER values('10230000','广发证券','1','20070817','','','')
DB20000I  The SQL command completed successfully.

insert into PABYBH_TRADER values('10250000','广州证券','1','20080114','','','')
DB20000I  The SQL command completed successfully.

insert into PABYBH_TRADER values('11620000','国都证券','0','20081021','','','')
DB20000I  The SQL command completed successfully.

insert into PABYBH_TRADER values('10240000','国海证券','1','20090813','','','')
DB20000I  The SQL command completed successfully.

insert into PABYBH_TRADER values('10099999','国金信用','0','20141106','','','')
DB20000I  The SQL command completed successfully.

insert into PABYBH_TRADER values('10090000','国金证券','1','20100707','','','')
DB20000I  The SQL command completed successfully.

insert into PABYBH_TRADER values('13470000','国开证券','1','20130328','','','')
DB20000I  The SQL command completed successfully.

insert into PABYBH_TRADER values('13320000','国盛证券','1','20100727','','','')
DB20000I  The SQL command completed successfully.

insert into PABYBH_TRADER values('10270000','国泰君安','1','20070813','','','')
DB20000I  The SQL command completed successfully.

insert into PABYBH_TRADER values('10279999','国泰君安信用','1','20140220','','','')
DB20000I  The SQL command completed successfully.

insert into PABYBH_TRADER values('10290000','国信证券','1','20070731','','','')
DB20000I  The SQL command completed successfully.

insert into PABYBH_TRADER values('11170000','国元证券','0','20100310','','','')
DB20000I  The SQL command completed successfully.

insert into PABYBH_TRADER values('10339999','海通信用','1','20150122','','','')
DB20000I  The SQL command completed successfully.

insert into PABYBH_TRADER values('10330000','海通证券','1','20070624','','','')
DB20000I  The SQL command completed successfully.

insert into PABYBH_TRADER values('11200000','宏信证券','1','20121214','','','')
DB20000I  The SQL command completed successfully.

insert into PABYBH_TRADER values('13310000','恒泰证券','1','20121214','','','')
DB20000I  The SQL command completed successfully.

insert into PABYBH_TRADER values('13110000','红塔证券','1','20090508','','','')
DB20000I  The SQL command completed successfully.

insert into PABYBH_TRADER values('10380000','宏源证券','1','20090226','','','')
DB20000I  The SQL command completed successfully.

insert into PABYBH_TRADER values('10400000','华安证券','1','20120322','','','')
DB20000I  The SQL command completed successfully.

insert into PABYBH_TRADER values('13080000','华宝证券','1','20101216','','','')
DB20000I  The SQL command completed successfully.

insert into PABYBH_TRADER values('13090000','华创证券','1','20110922','','','')
DB20000I  The SQL command completed successfully.

insert into PABYBH_TRADER values('10500000','华林证券','1','20071019','','','')
DB20000I  The SQL command completed successfully.

insert into PABYBH_TRADER values('10420000','华龙证券','1','20130411','','','')
DB20000I  The SQL command completed successfully.

insert into PABYBH_TRADER values('13720000','华融证券','1','20110902','','','')
DB20000I  The SQL command completed successfully.

insert into PABYBH_TRADER values('10430000','华泰证券','1','20070828','','','')
DB20000I  The SQL command completed successfully.

insert into PABYBH_TRADER values('10440000','华西证券','1','20080408','','','')
DB20000I  The SQL command completed successfully.

insert into PABYBH_TRADER values('10460000','华鑫证券','1','20141113','','','')
DB20000I  The SQL command completed successfully.

insert into PABYBH_TRADER values('13260000','金元证券','1','20121120','','','')
DB20000I  The SQL command completed successfully.

insert into PABYBH_TRADER values('11300000','开源证券','1','20130328','','','')
DB20000I  The SQL command completed successfully.

insert into PABYBH_TRADER values('10480000','联讯证券','1','20141127','','','')
DB20000I  The SQL command completed successfully.

insert into PABYBH_TRADER values('10470000','民生证券','1','20120705','','','')
DB20000I  The SQL command completed successfully.

insert into PABYBH_TRADER values('13130000','民族证券','0','20091224','','','')
DB20000I  The SQL command completed successfully.

insert into PABYBH_TRADER values('10619999','南京信用','0','20120607','','','')
DB20000I  The SQL command completed successfully.

insert into PABYBH_TRADER values('10610000','南京证券','1','20080703','','','')
DB20000I  The SQL command completed successfully.

insert into PABYBH_TRADER values('10629999','平安信用','1','20130528','','','')
DB20000I  The SQL command completed successfully.

insert into PABYBH_TRADER values('10620000','平安证券','1','20080306','','','')
DB20000I  The SQL command completed successfully.

insert into PABYBH_TRADER values('12360000','齐鲁证券','1','20071227','','','')
DB20000I  The SQL command completed successfully.

insert into PABYBH_TRADER values('12970000','日信证券','1','20100419','','','')
DB20000I  The SQL command completed successfully.

insert into PABYBH_TRADER values('10680000','山西证券','1','20150709','','','')
DB20000I  The SQL command completed successfully.

insert into PABYBH_TRADER values('10710000','上海证券','1','20091119','','','')
DB20000I  The SQL command completed successfully.

insert into PABYBH_TRADER values('10720000','申银万国证券','0','20080220','','','')
DB20000I  The SQL command completed successfully.

insert into PABYBH_TRADER values('10510000','世纪证券','1','20100727','','','')
DB20000I  The SQL command completed successfully.

insert into PABYBH_TRADER values('10760000','首创证券','1','20150611','','','')
DB20000I  The SQL command completed successfully.

insert into PABYBH_TRADER values('13480000','太平洋证券','1','20130124','','','')
DB20000I  The SQL command completed successfully.

insert into PABYBH_TRADER values('13170000','万和证券','1','20071204','','','')
DB20000I  The SQL command completed successfully.

insert into PABYBH_TRADER values('11380000','万联证券','1','20100318','','','')
DB20000I  The SQL command completed successfully.

insert into PABYBH_TRADER values('10730000','五矿证券','1','20100308','','','')
DB20000I  The SQL command completed successfully.

insert into PABYBH_TRADER values('10870000','西部证券','0','20111124','','','')
DB20000I  The SQL command completed successfully.

insert into PABYBH_TRADER values('10880000','西藏同信证券','1','20100318','','','')
DB20000I  The SQL command completed successfully.

insert into PABYBH_TRADER values('10890000','西南证券','1','20080710','','','')
DB20000I  The SQL command completed successfully.

insert into PABYBH_TRADER values('10910000','湘财证券','1','20150723','','','')
DB20000I  The SQL command completed successfully.

insert into PABYBH_TRADER values('13420000','新时代证券','1','20141127','','','')
DB20000I  The SQL command completed successfully.

insert into PABYBH_TRADER values('13710000','信达证券','0','20090915','','','')
DB20000I  The SQL command completed successfully.

insert into PABYBH_TRADER values('13699999','银河信用','1','20110505','','','')
DB20000I  The SQL command completed successfully.

insert into PABYBH_TRADER values('13690000','银河证券','1','20090730','','','')
DB20000I  The SQL command completed successfully.

insert into PABYBH_TRADER values('13640000','银泰证券','1','20081021','','','')
DB20000I  The SQL command completed successfully.

insert into PABYBH_TRADER values('10830000','英大证券','1','20071127','','','')
DB20000I  The SQL command completed successfully.

insert into PABYBH_TRADER values('10289999','招商信用','1','20110505','','','')
DB20000I  The SQL command completed successfully.

insert into PABYBH_TRADER values('10280000','招商证券','1','20080128','','','')
DB20000I  The SQL command completed successfully.

insert into PABYBH_TRADER values('13180000','浙商证券','1','20090820','','','')
DB20000I  The SQL command completed successfully.

insert into PABYBH_TRADER values('13270000','中航证券','1','20100925','','','')
DB20000I  The SQL command completed successfully.

insert into PABYBH_TRADER values('10990000','中金证券','1','20090820','','','')
DB20000I  The SQL command completed successfully.

insert into PABYBH_TRADER values('11019999','中山信用','1','20150409','','','')
DB20000I  The SQL command completed successfully.

insert into PABYBH_TRADER values('11010000','中山证券','1','20080526','','','')
DB20000I  The SQL command completed successfully.

insert into PABYBH_TRADER values('13510000','中天证券','1','20150716','','','')
DB20000I  The SQL command completed successfully.

insert into PABYBH_TRADER values('13579999','中投信用','1','20110902','','','')
DB20000I  The SQL command completed successfully.

insert into PABYBH_TRADER values('13570000','中投证券','1','20071119','','','')
DB20000I  The SQL command completed successfully.

insert into PABYBH_TRADER values('13590000','中信建投证券','1','20070913','','','')
DB20000I  The SQL command completed successfully.

insert into PABYBH_TRADER values('12710000','中信金通','1','20100727','','','')
DB20000I  The SQL command completed successfully.

insert into PABYBH_TRADER values('10820000','中信万通证券','1','20100925','','','')
DB20000I  The SQL command completed successfully.

insert into PABYBH_TRADER values('11020000','中信证券','1','20110113','','','')
DB20000I  The SQL command completed successfully.

insert into PABYBH_TRADER values('13190000','中银国际证券','1','20091222','','','')
DB20000I  The SQL command completed successfully.

insert into PABYBH_TRADER values('13370000','中原证券','0','20110120','','','')
DB20000I  The SQL command completed successfully.

insert into PABYBH_TRADER values('10299999','国信信用','1','20070731','','','')
DB20000I  The SQL command completed successfully.

insert into PABYBH_TRADER values('10780000','天风证券','1','20150722','','','')
DB20000I  The SQL command completed successfully.

insert into PABYBH_TRADER values('10069999','长江信用','1','20160927','','','')
DB20000I  The SQL command completed successfully.

insert into PABYBH_TRADER values('13200000','财富证券','1','20160927','','','')
DB20000I  The SQL command completed successfully.

insert into PABYBH_TRADER values('13369999','九州信用','1','20160927','','','')
DB20000I  The SQL command completed successfully.

insert into PABYBH_TRADER values('12979999','国融信用','1','20160927','','','')
DB20000I  The SQL command completed successfully.

insert into PABYBH_TRADER values('10960000','联储证券','1','20160927','','','')
DB20000I  The SQL command completed successfully.

insert into PABYBH_TRADER values('88888888','测试券商','1','20161122','','','')
DB20000I  The SQL command completed successfully.

